android-host/app/build/intermediates/manifest_merge_blame_file/debug/processDebugMainManifest/manifest-merger-blame-debug-report.txt
1<?xml version="1.0" encoding="utf-8"?>
2<manifest xmlns:android="http://schemas.android.com/apk/res/android"
3    package="org.onuron.mobile"
4    android:versionCode="1"
5    android:versionName="1.0.0-onuron" >
6
7    <uses-sdk
8        android:minSdkVersion="29"
9        android:targetSdkVersion="35" />
10
11    <!-- Permissions to bridge hardware to Onuron userspace on Samsung Galaxy S25 -->
12    <uses-permission android:name="android.permission.INTERNET" />
12-->android-host\app\AndroidManifest.xml:5:5-67
12-->android-host\app\AndroidManifest.xml:5:22-64
13    <uses-permission android:name="android.permission.ACCESS_NETWORK_STATE" />
13-->android-host\app\AndroidManifest.xml:6:5-79
13-->android-host\app\AndroidManifest.xml:6:22-76
14    <uses-permission android:name="android.permission.ACCESS_WIFI_STATE" />
14-->android-host\app\AndroidManifest.xml:7:5-76
14-->android-host\app\AndroidManifest.xml:7:22-73
15    <uses-permission android:name="android.permission.CHANGE_WIFI_STATE" />
15-->android-host\app\AndroidManifest.xml:8:5-76
15-->android-host\app\AndroidManifest.xml:8:22-73
16    <uses-permission android:name="android.permission.VIBRATE" />
16-->android-host\app\AndroidManifest.xml:9:5-66
16-->android-host\app\AndroidManifest.xml:9:22-63
17    <uses-permission android:name="android.permission.WAKE_LOCK" />
17-->android-host\app\AndroidManifest.xml:10:5-68
17-->android-host\app\AndroidManifest.xml:10:22-65
18
19    <permission
19-->[androidx.core:core:1.15.0] AndroidManifest.xml:22:5-24:47
20        android:name="org.onuron.mobile.DYNAMIC_RECEIVER_NOT_EXPORTED_PERMISSION"
20-->[androidx.core:core:1.15.0] AndroidManifest.xml:23:9-81
21        android:protectionLevel="signature" />
21-->[androidx.core:core:1.15.0] AndroidManifest.xml:24:9-44
22
23    <uses-permission android:name="org.onuron.mobile.DYNAMIC_RECEIVER_NOT_EXPORTED_PERMISSION" />
23-->[androidx.core:core:1.15.0] AndroidManifest.xml:26:5-97
23-->[androidx.core:core:1.15.0] AndroidManifest.xml:26:22-94
24
25    <application
25-->android-host\app\AndroidManifest.xml:12:5-39:19
26        android:allowBackup="true"
26-->android-host\app\AndroidManifest.xml:13:9-35
27        android:appComponentFactory="androidx.core.app.CoreComponentFactory"
27-->[androidx.core:core:1.15.0] AndroidManifest.xml:28:18-86
28        android:debuggable="true"
29        android:extractNativeLibs="false"
30        android:hardwareAccelerated="true"
30-->android-host\app\AndroidManifest.xml:17:9-43
31        android:icon="@android:drawable/sym_def_app_icon"
31-->android-host\app\AndroidManifest.xml:14:9-58
32        android:label="Onuron OS"
32-->android-host\app\AndroidManifest.xml:15:9-34
33        android:theme="@android:style/Theme.NoTitleBar.Fullscreen" >
33-->android-host\app\AndroidManifest.xml:16:9-67
34
35        <!-- Main Onuron OS Fullscreen Display Activity -->
36        <activity
36-->android-host\app\AndroidManifest.xml:20:9-31:20
37            android:name="org.onuron.mobile.MainActivity"
37-->android-host\app\AndroidManifest.xml:21:13-41
38            android:configChanges="orientation|screenSize|screenLayout|keyboardHidden"
38-->android-host\app\AndroidManifest.xml:23:13-87
39            android:exported="true"
39-->android-host\app\AndroidManifest.xml:22:13-36
40            android:screenOrientation="portrait" >
40-->android-host\app\AndroidManifest.xml:24:13-49
41            <intent-filter>
41-->android-host\app\AndroidManifest.xml:25:13-30:29
42                <action android:name="android.intent.action.MAIN" />
42-->android-host\app\AndroidManifest.xml:26:17-69
42-->android-host\app\AndroidManifest.xml:26:25-66
43
44                <category android:name="android.intent.category.LAUNCHER" />
44-->android-host\app\AndroidManifest.xml:27:17-77
44-->android-host\app\AndroidManifest.xml:27:27-74
45                <category android:name="android.intent.category.HOME" />
45-->android-host\app\AndroidManifest.xml:28:17-73
45-->android-host\app\AndroidManifest.xml:28:27-70
46                <category android:name="android.intent.category.DEFAULT" />
46-->android-host\app\AndroidManifest.xml:29:17-76
46-->android-host\app\AndroidManifest.xml:29:27-73
47            </intent-filter>
48        </activity>
49
50        <!-- Background IPC Bridge Service to Onuron Userspace daemons -->
51        <service
51-->android-host\app\AndroidManifest.xml:34:9-37:40
52            android:name="org.onuron.mobile.OnuronBridgeService"
52-->android-host\app\AndroidManifest.xml:35:13-48
53            android:enabled="true"
53-->android-host\app\AndroidManifest.xml:36:13-35
54            android:exported="false" />
54-->android-host\app\AndroidManifest.xml:37:13-37
55
56        <provider
56-->[androidx.emoji2:emoji2:1.3.0] AndroidManifest.xml:24:9-32:20
57            android:name="androidx.startup.InitializationProvider"
57-->[androidx.emoji2:emoji2:1.3.0] AndroidManifest.xml:25:13-67
58            android:authorities="org.onuron.mobile.androidx-startup"
58-->[androidx.emoji2:emoji2:1.3.0] AndroidManifest.xml:26:13-68
59            android:exported="false" >
59-->[androidx.emoji2:emoji2:1.3.0] AndroidManifest.xml:27:13-37
60            <meta-data
60-->[androidx.emoji2:emoji2:1.3.0] AndroidManifest.xml:29:13-31:52
61                android:name="androidx.emoji2.text.EmojiCompatInitializer"
61-->[androidx.emoji2:emoji2:1.3.0] AndroidManifest.xml:30:17-75
62                android:value="androidx.startup" />
62-->[androidx.emoji2:emoji2:1.3.0] AndroidManifest.xml:31:17-49
63            <meta-data
63-->[androidx.lifecycle:lifecycle-process:2.6.2] AndroidManifest.xml:29:13-31:52
64                android:name="androidx.lifecycle.ProcessLifecycleInitializer"
64-->[androidx.lifecycle:lifecycle-process:2.6.2] AndroidManifest.xml:30:17-78
65                android:value="androidx.startup" />
65-->[androidx.lifecycle:lifecycle-process:2.6.2] AndroidManifest.xml:31:17-49
66            <meta-data
66-->[androidx.profileinstaller:profileinstaller:1.3.1] AndroidManifest.xml:29:13-31:52
67                android:name="androidx.profileinstaller.ProfileInstallerInitializer"
67-->[androidx.profileinstaller:profileinstaller:1.3.1] AndroidManifest.xml:30:17-85
68                android:value="androidx.startup" />
68-->[androidx.profileinstaller:profileinstaller:1.3.1] AndroidManifest.xml:31:17-49
69        </provider>
70
71        <receiver
71-->[androidx.profileinstaller:profileinstaller:1.3.1] AndroidManifest.xml:34:9-52:20
72            android:name="androidx.profileinstaller.ProfileInstallReceiver"
72-->[androidx.profileinstaller:profileinstaller:1.3.1] AndroidManifest.xml:35:13-76
73            android:directBootAware="false"
73-->[androidx.profileinstaller:profileinstaller:1.3.1] AndroidManifest.xml:36:13-44
74            android:enabled="true"
74-->[androidx.profileinstaller:profileinstaller:1.3.1] AndroidManifest.xml:37:13-35
75            android:exported="true"
75-->[androidx.profileinstaller:profileinstaller:1.3.1] AndroidManifest.xml:38:13-36
76            android:permission="android.permission.DUMP" >
76-->[androidx.profileinstaller:profileinstaller:1.3.1] AndroidManifest.xml:39:13-57
77            <intent-filter>
77-->[androidx.profileinstaller:profileinstaller:1.3.1] AndroidManifest.xml:40:13-42:29
78                <action android:name="androidx.profileinstaller.action.INSTALL_PROFILE" />
78-->[androidx.profileinstaller:profileinstaller:1.3.1] AndroidManifest.xml:41:17-91
78-->[androidx.profileinstaller:profileinstaller:1.3.1] AndroidManifest.xml:41:25-88
79            </intent-filter>
80            <intent-filter>
80-->[androidx.profileinstaller:profileinstaller:1.3.1] AndroidManifest.xml:43:13-45:29
81                <action android:name="androidx.profileinstaller.action.SKIP_FILE" />
81-->[androidx.profileinstaller:profileinstaller:1.3.1] AndroidManifest.xml:44:17-85
81-->[androidx.profileinstaller:profileinstaller:1.3.1] AndroidManifest.xml:44:25-82
82            </intent-filter>
83            <intent-filter>
83-->[androidx.profileinstaller:profileinstaller:1.3.1] AndroidManifest.xml:46:13-48:29
84                <action android:name="androidx.profileinstaller.action.SAVE_PROFILE" />
84-->[androidx.profileinstaller:profileinstaller:1.3.1] AndroidManifest.xml:47:17-88
84-->[androidx.profileinstaller:profileinstaller:1.3.1] AndroidManifest.xml:47:25-85
85            </intent-filter>
86            <intent-filter>
86-->[androidx.profileinstaller:profileinstaller:1.3.1] AndroidManifest.xml:49:13-51:29
87                <action android:name="androidx.profileinstaller.action.BENCHMARK_OPERATION" />
87-->[androidx.profileinstaller:profileinstaller:1.3.1] AndroidManifest.xml:50:17-95
87-->[androidx.profileinstaller:profileinstaller:1.3.1] AndroidManifest.xml:50:25-92
88            </intent-filter>
89        </receiver>
90    </application>
91
92</manifest>